[22:48:48] [ServerMain/INFO]: Environment: Environment[sessionHost=https://sessionserver.mojang.com, servicesHost=https://api.minecraftservices.com, name=PROD]
[22:48:48] [ServerMain/INFO]: Found new data pack file/bukkit, loading it automatically
[22:48:48] [ServerMain/INFO]: Found new data pack paper, loading it automatically
[22:48:48] [ServerMain/INFO]: No existing world data, creating new world
[22:48:49] [ServerMain/INFO]: Loaded 1175 recipes
[22:48:49] [ServerMain/INFO]: Loaded 1276 advancements
[22:48:49] [Server thread/INFO]: Starting minecraft server version 1.20.6
[22:48:49] [Server thread/INFO]: Loading properties
[22:48:49] [Server thread/INFO]: This server is running Paper version 1.20.6-143-ver/1.20.6@af7f0c4 (2024-06-15T15:38:08Z) (Implementing API version 1.20.6-R0.1-SNAPSHOT)
[22:48:50] [Server thread/INFO]: Using 4 threads for Netty based IO
[22:48:50] [Server thread/INFO]: Server Ping Player Sample Count: 12
[22:48:50] [Server thread/INFO]: [ChunkTaskScheduler] Chunk system is using 1 I/O threads, 4 worker threads, and gen parallelism of 4 threads
[22:48:50] [Server thread/WARN]: [!] The timings profiler has been enabled but has been scheduled for removal from Paper in the future.
    We recommend installing the spark profiler as a replacement: https://spark.lucko.me/
    For more information please visit: https://github.com/PaperMC/Paper/issues/8948
[22:48:50] [Server thread/INFO]: Default game type: SURVIVAL
[22:48:50] [Server thread/INFO]: Generating keypair
[22:48:50] [Server thread/INFO]: Starting Minecraft server on *:25565
[22:48:50] [Server thread/INFO]: Using default channel type
[22:48:50] [Server thread/INFO]: Paper: Using Java compression from Velocity.
[22:48:50] [Server thread/INFO]: Paper: Using Java cipher from Velocity.
[22:48:50] [Server thread/INFO]: Preparing level "world"
[22:48:53] [Server thread/INFO]: Preparing start region for dimension minecraft:overworld
[22:48:54] [Server thread/INFO]: Time elapsed: 1232 ms
[22:48:54] [Server thread/INFO]: Preparing start region for dimension minecraft:the_nether
[22:48:55] [Server thread/INFO]: Time elapsed: 341 ms
[22:48:55] [Server thread/INFO]: Preparing start region for dimension minecraft:the_end
[22:48:55] [Server thread/INFO]: Time elapsed: 97 ms
[22:48:55] [Server thread/INFO]: Running delayed init tasks
[22:48:55] [Server thread/INFO]: Done (5.793s)! For help, type "help"
[22:48:55] [Server thread/INFO]: *************************************************************************************
[22:48:55] [Server thread/INFO]: This is the first time you're starting this server.
[22:48:55] [Server thread/INFO]: It's recommended you read our 'Getting Started' documentation for guidance.
[22:48:55] [Server thread/INFO]: View this and more helpful information here: https://docs.papermc.io/paper/next-steps
[22:48:55] [Server thread/INFO]: *************************************************************************************
[22:48:55] [Server thread/INFO]: Timings Reset
[22:49:11] [Server thread/INFO]: Stopping the server
[22:49:11] [Server thread/INFO]: Stopping server
[22:49:11] [Server thread/INFO]: Saving players
[22:49:11] [Server thread/INFO]: Saving worlds
[22:49:11] [Server thread/INFO]: Saving chunks for level 'ServerLevel[world]'/minecraft:overworld
[22:49:11] [Server thread/INFO]: [ChunkHolderManager] Waiting 60s for chunk system to halt for world 'world'
[22:49:11] [Server thread/INFO]: [ChunkHolderManager] Halted chunk system for world 'world'
[22:49:11] [Server thread/INFO]: [ChunkHolderManager] Saving all chunkholders for world 'world'
[22:49:11] [Server thread/INFO]: [ChunkHolderManager] Saved 841 block chunks, 49 entity chunks, 0 poi chunks in world 'world' in 0.31s
[22:49:11] [Server thread/INFO]: ThreadedAnvilChunkStorage (world): All chunks are saved
[22:49:11] [Server thread/INFO]: Saving chunks for level 'ServerLevel[world_nether]'/minecraft:the_nether
[22:49:11] [Server thread/INFO]: [ChunkHolderManager] Waiting 60s for chunk system to halt for world 'world_nether'
[22:49:11] [Server thread/INFO]: [ChunkHolderManager] Halted chunk system for world 'world_nether'
[22:49:11] [Server thread/INFO]: [ChunkHolderManager] Saving all chunkholders for world 'world_nether'
[22:49:11] [Server thread/INFO]: [ChunkHolderManager] Saved 841 block chunks, 49 entity chunks, 0 poi chunks in world 'world_nether' in 0.15s
[22:49:12] [Server thread/INFO]: ThreadedAnvilChunkStorage (DIM-1): All chunks are saved
[22:49:12] [Server thread/INFO]: Saving chunks for level 'ServerLevel[world_the_end]'/minecraft:the_end
[22:49:12] [Server thread/INFO]: [ChunkHolderManager] Waiting 60s for chunk system to halt for world 'world_the_end'
[22:49:12] [Server thread/INFO]: [ChunkHolderManager] Halted chunk system for world 'world_the_end'
[22:49:12] [Server thread/INFO]: [ChunkHolderManager] Saving all chunkholders for world 'world_the_end'
[22:49:12] [Server thread/INFO]: [ChunkHolderManager] Saved 841 block chunks, 49 entity chunks, 0 poi chunks in world 'world_the_end' in 0.10s
[22:49:12] [Server thread/INFO]: ThreadedAnvilChunkStorage (DIM1): All chunks are saved
[22:49:12] [Server thread/INFO]: ThreadedAnvilChunkStorage: All dimensions are saved
[22:49:12] [Server thread/INFO]: Flushing Chunk IO
[22:49:12] [Server thread/INFO]: Closing Thread Pool
[22:49:12] [Server thread/INFO]: Closing Server
